Arguments: 
  /usr/local/bin/node /usr/local/Cellar/yarn/0.27.5_1/libexec/bin/yarn.js

PATH: 
  /Users/scottdomes/.rvm/gems/ruby-2.3.0/bin:/Users/scottdomes/.rvm/gems/ruby-2.3.0@global/bin:/Users/scottdomes/.rvm/rubies/ruby-2.3.0/bin:/Users/scottdomes/.fastlane/bin:/Users/scottdomes/Library/Python/2.7/bin:/usr/local/bin:/usr/bin:/bin:/usr/sbin:/sbin:/Applications/Postgres.app/Contents/Versions/latest/bin:/Users/scottdomes/.rvm/bin

Yarn version: 
  0.27.5

Node version: 
  8.11.3

Platform: 
  darwin x64

npm manifest: 
  {
    "name": "chat-starter",
    "version": "1.0.0",
    "main": "index.js",
    "license": "MIT",
    "devDependencies": {
      "babel-cli": "^6.26.0",
      "babel-plugin-transform-async-functions": "^6.22.0",
      "babel-plugin-transform-class-properties": "^6.24.1",
      "babel-plugin-transform-object-rest-spread": "^6.26.0",
      "babel-plugin-transform-runtime": "^6.23.0",
      "babel-preset-es2015-node5": "^1.2.0",
      "nodemon": "^1.18.9"
    },
    "scripts": {
      "build": "cross-env NODE_ENV=production webpack",
      "dev": "webpack-dev-server --content-base public",
      "start:api": "nodemon --exec babel-node server/index.js"
    },
    "dependencies": {
      "body-parser": "^1.18.3",
      "cors": "^2.8.5",
      "express": "^4.16.4",
      "http": "^0.0.0",
      "mongodb": "^3.1.13",
      "socket.io": "^2.2.0",
      "socket.io-client": "^2.2.0",
    }
  }

yarn manifest: 
  No manifest

Lockfile: 
  No lockfile

Trace: 
  SyntaxError: /Users/scottdomes/Documents/yweb/chat-starter/package.json: Unexpected token } in JSON at position 839
      at JSON.parse (<anonymous>)
      at /usr/local/Cellar/yarn/0.27.5_1/libexec/lib/yarn-cli.js:747:57
      at Generator.next (<anonymous>)
      at step (/usr/local/Cellar/yarn/0.27.5_1/libexec/lib/yarn-cli.js:91:30)
      at /usr/local/Cellar/yarn/0.27.5_1/libexec/lib/yarn-cli.js:102:13
      at <anonymous>
